SF:lib\core\colors.dart
DA:3,2
DA:4,2
DA:5,3
LF:3
LH:3
end_of_record
SF:lib\core\di\injection_container.dart
DA:11,3
DA:13,1
DA:14,4
DA:15,2
DA:16,4
DA:17,2
DA:18,4
DA:19,6
DA:20,6
LF:9
LH:9
end_of_record
SF:lib\feature\home\domain\entities\dad_joke_entity.dart
DA:8,1
DA:10,1
DA:12,1
DA:13,1
DA:14,1
LF:5
LH:5
end_of_record
SF:lib\feature\home\presentation\bloc\home_state.dart
DA:9,1
DA:19,0
LF:2
LH:1
end_of_record
SF:lib\feature\home\presentation\bloc\home_event.dart
DA:15,0
LF:1
LH:0
end_of_record
SF:lib\feature\home\presentation\bloc\home_bloc.dart
DA:28,1
DA:31,2
DA:32,1
DA:34,2
DA:35,3
DA:36,1
DA:37,0
DA:38,1
DA:39,2
DA:43,1
DA:44,0
DA:45,0
DA:46,0
DA:47,0
DA:50,0
DA:51,0
DA:52,0
DA:53,0
DA:56,0
DA:58,0
DA:59,0
DA:60,0
DA:62,0
DA:63,0
DA:64,0
DA:66,0
DA:67,0
DA:68,0
DA:70,0
DA:71,0
DA:72,0
DA:73,0
DA:74,0
DA:76,0
DA:80,1
DA:82,2
DA:83,1
DA:84,1
LF:38
LH:13
end_of_record
SF:lib\feature\home\presentation\view\home_page.dart
DA:8,2
DA:10,1
DA:11,1
DA:15,1
DA:17,1
DA:19,0
DA:20,1
DA:21,2
DA:22,1
DA:23,1
DA:24,2
DA:25,4
LF:12
LH:11
end_of_record
SF:lib\main.dart
DA:6,0
DA:7,0
DA:8,0
DA:9,0
DA:11,0
DA:12,0
DA:13,0
DA:14,0
DA:15,0
DA:21,1
DA:23,1
DA:24,1
DA:29,1
DA:34,1
LF:14
LH:5
end_of_record
SF:lib\core\base\base_exception_model.dart
DA:6,1
DA:10,1
DA:12,0
DA:14,1
DA:16,0
DA:20,1
DA:22,2
DA:23,1
LF:8
LH:6
end_of_record
SF:lib\core\models\api_failure_model.dart
DA:4,0
LF:1
LH:0
end_of_record
SF:lib\feature\home\data\data_source\jokes_data_source_repository_impl.dart
DA:15,1
DA:17,1
DA:19,2
DA:20,3
DA:23,0
DA:26,0
DA:27,0
DA:28,0
LF:8
LH:4
end_of_record
SF:lib\feature\home\data\repository_impl\jokes_repository_impl.dart
DA:16,1
DA:18,1
DA:21,3
DA:23,0
DA:26,0
DA:28,1
DA:30,1
DA:32,2
DA:33,2
DA:36,0
DA:40,0
DA:42,0
DA:43,0
LF:13
LH:7
end_of_record
SF:lib\feature\home\domain\usecase\get_dad_jokes_usecase.dart
DA:12,1
DA:13,1
DA:16,2
LF:3
LH:3
end_of_record
SF:lib\feature\home\domain\usecase\get_search_dad_jokes_usecase.dart
DA:13,1
DA:14,0
DA:17,0
LF:3
LH:1
end_of_record
SF:lib\core\network_repository\network_repository_impl.dart
DA:6,1
DA:11,1
DA:13,0
DA:14,0
DA:15,0
DA:18,1
DA:19,1
DA:20,1
LF:8
LH:5
end_of_record
SF:lib\core\models\search_dad_joke_request_model.dart
DA:6,0
DA:9,0
DA:10,0
DA:11,0
DA:12,0
DA:13,0
LF:6
LH:0
end_of_record
SF:lib\core\ui\atoms\custom_text_field.dart
DA:9,1
DA:16,1
DA:18,1
DA:19,1
DA:20,1
DA:21,1
DA:22,1
DA:23,1
DA:25,5
LF:9
LH:9
end_of_record
SF:lib\core\ui\atoms\pagination_controller.dart
DA:11,1
DA:13,0
DA:15,1
DA:16,4
DA:19,1
DA:20,3
DA:21,2
DA:24,0
DA:25,0
DA:26,0
DA:27,0
DA:28,0
DA:29,0
DA:30,0
DA:31,0
DA:32,0
LF:16
LH:6
end_of_record
SF:lib\feature\home\data\models\dad_joke_model.dart
DA:5,1
DA:6,2
DA:7,2
LF:3
LH:3
end_of_record
SF:lib\feature\home\data\models\search_dad_joke_response_model.dart
DA:14,0
DA:25,0
DA:26,0
DA:27,0
DA:28,0
DA:29,0
DA:30,0
DA:31,0
DA:32,0
DA:33,0
DA:36,0
DA:37,0
DA:38,0
DA:39,0
LF:14
LH:0
end_of_record
SF:lib\feature\home\domain\entities\search_dad_joke_results_entity.dart
DA:16,0
DA:26,0
DA:28,0
DA:29,0
DA:30,0
DA:31,0
DA:33,0
DA:34,0
DA:35,0
DA:36,0
DA:37,0
DA:39,0
DA:40,0
DA:41,0
LF:14
LH:0
end_of_record
SF:lib\feature\home\presentation\view\home_screen.dart
DA:11,1
DA:13,1
DA:14,1
DA:18,3
DA:20,1
DA:22,3
DA:23,3
DA:24,1
DA:26,1
DA:29,1
DA:31,1
DA:33,1
DA:35,1
DA:36,1
DA:38,1
DA:40,2
DA:42,1
DA:45,1
DA:46,1
DA:47,1
DA:48,1
DA:49,1
DA:50,1
DA:51,2
DA:57,1
DA:58,1
DA:59,1
DA:60,1
DA:61,0
DA:62,1
DA:63,0
DA:64,0
DA:65,0
DA:69,1
DA:70,4
DA:71,1
DA:73,0
DA:75,0
DA:76,0
DA:77,0
DA:79,0
DA:80,0
DA:81,0
DA:82,0
DA:83,0
DA:84,0
DA:85,0
DA:87,0
DA:91,0
DA:92,0
DA:93,0
DA:94,0
DA:96,0
DA:98,0
DA:102,0
DA:103,0
DA:105,0
DA:106,0
DA:107,0
DA:108,0
DA:109,0
DA:110,0
DA:111,0
DA:114,0
DA:115,0
DA:130,1
DA:132,0
DA:133,0
DA:134,0
DA:135,0
DA:136,0
DA:140,0
DA:141,0
DA:142,0
DA:143,0
DA:144,0
DA:145,0
DA:146,0
DA:147,0
DA:148,0
DA:149,0
DA:150,0
DA:153,0
LF:83
LH:33
end_of_record
SF:lib\feature\home\presentation\widget\joke_item_widget.dart
DA:9,1
DA:11,1
DA:13,1
DA:15,1
DA:16,1
DA:17,1
DA:18,1
DA:19,1
DA:20,1
DA:21,2
DA:24,1
DA:25,2
DA:26,3
DA:29,1
DA:30,1
DA:31,3
DA:39,1
DA:40,1
DA:41,1
DA:49,3
LF:20
LH:20
end_of_record
SF:lib\feature\home\presentation\widget\loading_widget.dart
DA:4,1
DA:6,1
DA:7,1
DA:11,1
LF:4
LH:4
end_of_record
